  main.cpp
C:\Users\pc\Downloads\game-premake-main\game\include\SocialNetworkApp.h(245,27): warning C4244: 'argument': conversion from 'float' to 'int', possible loss of data
  (compiling source file 'src/main.cpp')
  
C:\Users\pc\Downloads\game-premake-main\game\include\SocialNetworkApp.h(245,19): warning C4244: 'argument': conversion from 'float' to 'int', possible loss of data
  (compiling source file 'src/main.cpp')
  
C:\Users\pc\Downloads\game-premake-main\game\include\SocialNetworkApp.h(246,32): warning C4244: 'argument': conversion from 'float' to 'int', possible loss of data
  (compiling source file 'src/main.cpp')
  
C:\Users\pc\Downloads\game-premake-main\game\include\SocialNetworkApp.h(246,24): warning C4244: 'argument': conversion from 'float' to 'int', possible loss of data
  (compiling source file 'src/main.cpp')
  
C:\Users\pc\Downloads\game-premake-main\game\include\SocialNetworkApp.h(250,73): warning C4244: 'argument': conversion from 'float' to 'int', possible loss of data
  (compiling source file 'src/main.cpp')
  
C:\Users\pc\Downloads\game-premake-main\game\include\SocialNetworkApp.h(250,60): warning C4244: 'argument': conversion from 'float' to 'int', possible loss of data
  (compiling source file 'src/main.cpp')
  
C:\Users\pc\Downloads\game-premake-main\game\include\SocialNetworkApp.h(250,34): warning C4244: 'argument': conversion from 'float' to 'int', possible loss of data
  (compiling source file 'src/main.cpp')
  
C:\Users\pc\Downloads\game-premake-main\game\include\SocialNetworkApp.h(250,21): warning C4244: 'argument': conversion from 'float' to 'int', possible loss of data
  (compiling source file 'src/main.cpp')
  
C:\Users\pc\Downloads\game-premake-main\game\include\SocialNetworkApp.h(253,47): warning C4244: 'argument': conversion from 'float' to 'int', possible loss of data
  (compiling source file 'src/main.cpp')
  
C:\Users\pc\Downloads\game-premake-main\game\include\SocialNetworkApp.h(253,34): warning C4244: 'argument': conversion from 'float' to 'int', possible loss of data
  (compiling source file 'src/main.cpp')
  
C:\Users\pc\Downloads\game-premake-main\game\include\SocialNetworkApp.h(388,44): warning C4305: 'initializing': truncation from 'double' to 'float'
  (compiling source file 'src/main.cpp')
  
C:\Users\pc\Downloads\game-premake-main\game\include\SocialNetworkApp.h(389,45): warning C4305: 'initializing': truncation from 'double' to 'float'
  (compiling source file 'src/main.cpp')
  
C:\Users\pc\Downloads\game-premake-main\game\include\SocialNetworkApp.h(634,49): warning C4305: 'initializing': truncation from 'double' to 'float'
  (compiling source file 'src/main.cpp')
  
C:\Users\pc\Downloads\game-premake-main\game\include\SocialNetworkApp.h(635,49): warning C4305: 'initializing': truncation from 'double' to 'float'
  (compiling source file 'src/main.cpp')
  
C:\Users\pc\Downloads\game-premake-main\game\include\SocialNetworkApp.h(636,50): warning C4305: 'initializing': truncation from 'double' to 'float'
  (compiling source file 'src/main.cpp')
  
C:\Users\pc\Downloads\game-premake-main\game\include\SocialNetworkApp.h(1132,29): warning C4244: '=': conversion from 'double' to 'float', possible loss of data
  (compiling source file 'src/main.cpp')
  
C:\Users\pc\Downloads\game-premake-main\game\include\SocialNetworkApp.h(1422,29): warning C4244: '=': conversion from 'double' to 'float', possible loss of data
  (compiling source file 'src/main.cpp')
  
C:\Users\pc\Downloads\game-premake-main\game\include\SocialNetworkApp.h(1495,32): warning C4244: '=': conversion from 'double' to 'float', possible loss of data
  (compiling source file 'src/main.cpp')
  
C:\Users\pc\Downloads\game-premake-main\game\include\SocialNetworkApp.h(1558,30): warning C4244: '=': conversion from 'double' to 'float', possible loss of data
  (compiling source file 'src/main.cpp')
  
C:\Users\pc\Downloads\game-premake-main\game\include\SocialNetworkApp.h(1631,29): warning C4244: '=': conversion from 'double' to 'float', possible loss of data
  (compiling source file 'src/main.cpp')
  
  test.cpp
  Generating Code...
  game-premake-main.vcxproj -> C:\Users\pc\Downloads\game-premake-main\bin\Debug\game-premake-main.exe
